<?xml version="1.0" encoding="UTF-8" standalone="no"?><entities>
	<entity>
		<entity-name>am.amishra.tba.entity.Blog</entity-name>
		<entity-width>120</entity-width>
		<entity-height>186</entity-height>
		<entity-X-Coordinate>188</entity-X-Coordinate>
		<entity-Y-Coordinate>250</entity-Y-Coordinate>
		<primary-collapsed>false</primary-collapsed>
		<relation-collapsed>false</relation-collapsed>
		<basic-collapsed>false</basic-collapsed>
	</entity>

	<entity>
		<entity-name>am.amishra.tba.entity.Item</entity-name>
		<entity-width>120</entity-width>
		<entity-height>206</entity-height>
		<entity-X-Coordinate>570</entity-X-Coordinate>
		<entity-Y-Coordinate>329</entity-Y-Coordinate>
		<primary-collapsed>false</primary-collapsed>
		<relation-collapsed>false</relation-collapsed>
		<basic-collapsed>false</basic-collapsed>
	</entity>

	<entity>
		<entity-name>am.amishra.tba.entity.Role</entity-name>
		<entity-width>120</entity-width>
		<entity-height>146</entity-height>
		<entity-X-Coordinate>200</entity-X-Coordinate>
		<entity-Y-Coordinate>46</entity-Y-Coordinate>
		<primary-collapsed>false</primary-collapsed>
		<relation-collapsed>false</relation-collapsed>
		<basic-collapsed>false</basic-collapsed>
	</entity>

	<entity>
		<entity-name>am.amishra.tba.entity.User</entity-name>
		<entity-width>120</entity-width>
		<entity-height>206</entity-height>
		<entity-X-Coordinate>530</entity-X-Coordinate>
		<entity-Y-Coordinate>90</entity-Y-Coordinate>
		<primary-collapsed>false</primary-collapsed>
		<relation-collapsed>false</relation-collapsed>
		<basic-collapsed>false</basic-collapsed>
	</entity>
</entities>